Determining if the pthread_create exist failed with the following output:
Change Dir: /home/noxand/catkin_ws/build/catkin_tools_prebuild/CMakeFiles/CMakeTmp

Run Build Command:"/usr/bin/make" "cmTC_cf825/fast"
/usr/bin/make -f CMakeFiles/cmTC_cf825.dir/build.make CMakeFiles/cmTC_cf825.dir/build
make[1]: Entering directory '/home/noxand/catkin_ws/build/catkin_tools_prebuild/CMakeFiles/CMakeTmp'
Building C object CMakeFiles/cmTC_cf825.dir/CheckSymbolExists.c.o
/usr/bin/cc    -o CMakeFiles/cmTC_cf825.dir/CheckSymbolExists.c.o   -c /home/noxand/catkin_ws/build/catkin_tools_prebuild/CMakeFiles/CMakeTmp/CheckSymbolExists.c
Linking C executable cmTC_cf825
/usr/bin/cmake -E cmake_link_script CMakeFiles/cmTC_cf825.dir/link.txt --verbose=1
/usr/bin/cc      -rdynamic CMakeFiles/cmTC_cf825.dir/CheckSymbolExists.c.o  -o cmTC_cf825 
CMakeFiles/cmTC_cf825.dir/CheckSymbolExists.c.o: In function `main':
CheckSymbolExists.c:(.text+0x1b): undefined reference to `pthread_create'
collect2: error: ld returned 1 exit status
CMakeFiles/cmTC_cf825.dir/build.make:97: recipe for target 'cmTC_cf825' failed
make[1]: *** [cmTC_cf825] Error 1
make[1]: Leaving directory '/home/noxand/catkin_ws/build/catkin_tools_prebuild/CMakeFiles/CMakeTmp'
Makefile:126: recipe for target 'cmTC_cf825/fast' failed
make: *** [cmTC_cf825/fast] Error 2

File /home/noxand/catkin_ws/build/catkin_tools_prebuild/CMakeFiles/CMakeTmp/CheckSymbolExists.c:
/* */
#include <pthread.h>

int main(int argc, char** argv)
{
  (void)argv;
#ifndef pthread_create
  return ((int*)(&pthread_create))[argc];
#else
  (void)argc;
  return 0;
#endif
}

Determining if the function pthread_create exists in the pthreads failed with the following output:
Change Dir: /home/noxand/catkin_ws/build/catkin_tools_prebuild/CMakeFiles/CMakeTmp

Run Build Command:"/usr/bin/make" "cmTC_35d6d/fast"
/usr/bin/make -f CMakeFiles/cmTC_35d6d.dir/build.make CMakeFiles/cmTC_35d6d.dir/build
make[1]: Entering directory '/home/noxand/catkin_ws/build/catkin_tools_prebuild/CMakeFiles/CMakeTmp'
Building C object CMakeFiles/cmTC_35d6d.dir/CheckFunctionExists.c.o
/usr/bin/cc   -DCHECK_FUNCTION_EXISTS=pthread_create   -o CMakeFiles/cmTC_35d6d.dir/CheckFunctionExists.c.o   -c /usr/share/cmake-3.10/Modules/CheckFunctionExists.c
Linking C executable cmTC_35d6d
/usr/bin/cmake -E cmake_link_script CMakeFiles/cmTC_35d6d.dir/link.txt --verbose=1
/usr/bin/cc  -DCHECK_FUNCTION_EXISTS=pthread_create    -rdynamic CMakeFiles/cmTC_35d6d.dir/CheckFunctionExists.c.o  -o cmTC_35d6d -lpthreads 
/usr/bin/ld: cannot find -lpthreads
collect2: error: ld returned 1 exit status
CMakeFiles/cmTC_35d6d.dir/build.make:97: recipe for target 'cmTC_35d6d' failed
make[1]: *** [cmTC_35d6d] Error 1
make[1]: Leaving directory '/home/noxand/catkin_ws/build/catkin_tools_prebuild/CMakeFiles/CMakeTmp'
Makefile:126: recipe for target 'cmTC_35d6d/fast' failed
make: *** [cmTC_35d6d/fast] Error 2


