Not searching for unused variables given on the command line.
[36m--[0m Using CATKIN_DEVEL_PREFIX: /home/noxand/catkin_ws/devel/.private/local_planner
[36m--[0m Using CMAKE_PREFIX_PATH: /home/noxand/catkin_ws/devel;/opt/ros/melodic
[36m--[0m This workspace overlays: /home/noxand/catkin_ws/devel;/opt/ros/melodic
[36m--[0m Found PythonInterp: /usr/bin/python2 (found suitable version "2.7.17", minimum required is "2")
[36m--[0m Using PYTHON_EXECUTABLE: /usr/bin/python2
[36m--[0m Using Debian Python package layout
[36m--[0m Using empy: /usr/bin/empy
[36m--[0m Using CATKIN_ENABLE_TESTING: ON
[36m--[0m Call enable_testing()
[36m--[0m Using CATKIN_TEST_RESULTS_DIR: /home/noxand/catkin_ws/build/local_planner/test_results
[36m--[0m Found gtest sources under '/usr/src/googletest': gtests will be built
[36m--[0m Found gmock sources under '/usr/src/googletest': gmock will be built
[36m--[0m Found PythonInterp: /usr/bin/python2 (found version "2.7.17")
[36m--[0m Using Python nosetests: /usr/bin/nosetests-2.7
[36m--[0m catkin 0.7.26
[36m--[0m BUILD_SHARED_LIBS is on
[36m--[0m Using these message generators: gencpp;geneus;genlisp;gennodejs;genpy
[36m--[0m Boost version: 1.65.1
[36m--[0m Found the following Boost libraries:
[36m--[0m   system
[36m--[0m   filesystem
[36m--[0m   thread
[36m--[0m   date_time
[36m--[0m   iostreams
[36m--[0m   serialization
[36m--[0m   chrono
[36m--[0m   atomic
[36m--[0m   regex
[36m--[0m Could NOT find ensenso (missing: ENSENSO_LIBRARY ENSENSO_INCLUDE_DIR)
** WARNING ** io features related to ensenso will be disabled
[36m--[0m Could NOT find DAVIDSDK (missing: DAVIDSDK_LIBRARY DAVIDSDK_INCLUDE_DIR)
** WARNING ** io features related to davidSDK will be disabled
[36m--[0m Could NOT find DSSDK (missing: _DSSDK_LIBRARIES)
** WARNING ** io features related to dssdk will be disabled
** WARNING ** io features related to pcap will be disabled
** WARNING ** io features related to png will be disabled
[36m--[0m The imported target "vtkRenderingPythonTkWidgets" references the file
   "/usr/lib/x86_64-linux-gnu/libvtkRenderingPythonTkWidgets.so"
but this file does not exist.  Possible reasons include:
* The file was deleted, renamed, or moved to another location.
* An install or uninstall procedure did not complete successfully.
* The installation package was faulty and contained
   "/usr/lib/cmake/vtk-6.3/VTKTargets.cmake"
but not all the files it references.

[36m--[0m The imported target "vtk" references the file
   "/usr/bin/vtk"
but this file does not exist.  Possible reasons include:
* The file was deleted, renamed, or moved to another location.
* An install or uninstall procedure did not complete successfully.
* The installation package was faulty and contained
   "/usr/lib/cmake/vtk-6.3/VTKTargets.cmake"
but not all the files it references.

** WARNING ** io features related to libusb-1.0 will be disabled
[36m--[0m Could NOT find ensenso (missing: ENSENSO_LIBRARY ENSENSO_INCLUDE_DIR)
** WARNING ** visualization features related to ensenso will be disabled
[36m--[0m Could NOT find DAVIDSDK (missing: DAVIDSDK_LIBRARY DAVIDSDK_INCLUDE_DIR)
** WARNING ** visualization features related to davidSDK will be disabled
[36m--[0m Could NOT find DSSDK (missing: _DSSDK_LIBRARIES)
** WARNING ** visualization features related to dssdk will be disabled
[36m--[0m Could NOT find RSSDK (missing: _RSSDK_LIBRARIES)
** WARNING ** visualization features related to rssdk will be disabled
[36m--[0m looking for PCL_COMMON
[36m--[0m looking for PCL_OCTREE
[36m--[0m looking for PCL_IO
[36m--[0m looking for PCL_KDTREE
[36m--[0m looking for PCL_SEARCH
[36m--[0m looking for PCL_SAMPLE_CONSENSUS
[36m--[0m looking for PCL_FILTERS
[36m--[0m looking for PCL_2D
[36m--[0m looking for PCL_GEOMETRY
[36m--[0m looking for PCL_FEATURES
[36m--[0m looking for PCL_ML
[36m--[0m looking for PCL_SEGMENTATION
[36m--[0m looking for PCL_VISUALIZATION
[36m--[0m looking for PCL_SURFACE
[36m--[0m looking for PCL_REGISTRATION
[36m--[0m looking for PCL_KEYPOINTS
[36m--[0m looking for PCL_TRACKING
[36m--[0m looking for PCL_RECOGNITION
[36m--[0m looking for PCL_STEREO
[36m--[0m looking for PCL_APPS
[36m--[0m looking for PCL_IN_HAND_SCANNER
[36m--[0m looking for PCL_MODELER
[36m--[0m looking for PCL_POINT_CLOUD_EDITOR
[36m--[0m looking for PCL_OUTOFCORE
[36m--[0m looking for PCL_PEOPLE
[36m--[0m Boost version: 1.65.1
[36m--[0m Found the following Boost libraries:
[36m--[0m   system
[36m--[0m Configuring done
[36m--[0m Generating done
[36m--[0m Build files have been written to: /home/noxand/catkin_ws/build/local_planner
